{"C:\\Users\\Lenovo\\OneDrive\\Desktop\\K2 Basecamp\\epic 3 (application)\\stateful\\src\\app.js": {"path":"C:\\Users\\Lenovo\\OneDrive\\Desktop\\K2 Basecamp\\epic 3 (application)\\stateful\\src\\app.js","statementMap":{"0":{"start":{"line":1,"column":0},"end":{"line":1,"column":27}},"1":{"start":{"line":2,"column":16},"end":{"line":2,"column":34}},"2":{"start":{"line":3,"column":13},"end":{"line":3,"column":28}},"3":{"start":{"line":4,"column":19},"end":{"line":4,"column":41}},"4":{"start":{"line":5,"column":17},"end":{"line":5,"column":36}},"5":{"start":{"line":6,"column":19},"end":{"line":6,"column":49}},"6":{"start":{"line":7,"column":27},"end":{"line":7,"column":65}},"7":{"start":{"line":8,"column":21},"end":{"line":8,"column":53}},"8":{"start":{"line":9,"column":20},"end":{"line":9,"column":51}},"9":{"start":{"line":11,"column":12},"end":{"line":11,"column":21}},"10":{"start":{"line":18,"column":0},"end":{"line":22,"column":4}},"11":{"start":{"line":25,"column":0},"end":{"line":25,"column":27}},"12":{"start":{"line":26,"column":0},"end":{"line":26,"column":29}},"13":{"start":{"line":34,"column":0},"end":{"line":36,"column":67}},"14":{"start":{"line":35,"column":16},"end":{"line":35,"column":48}},"15":{"start":{"line":36,"column":18},"end":{"line":36,"column":65}},"16":{"start":{"line":38,"column":0},"end":{"line":40,"column":2}},"17":{"start":{"line":39,"column":2},"end":{"line":39,"column":44}},"18":{"start":{"line":42,"column":0},"end":{"line":42,"column":46}},"19":{"start":{"line":43,"column":0},"end":{"line":43,"column":35}},"20":{"start":{"line":44,"column":0},"end":{"line":44,"column":32}},"21":{"start":{"line":45,"column":0},"end":{"line":45,"column":29}},"22":{"start":{"line":47,"column":0},"end":{"line":47,"column":21}}},"fnMap":{"0":{"name":"(anonymous_0)","decl":{"start":{"line":35,"column":10},"end":{"line":35,"column":11}},"loc":{"start":{"line":35,"column":16},"end":{"line":35,"column":48}},"line":35},"1":{"name":"(anonymous_1)","decl":{"start":{"line":36,"column":11},"end":{"line":36,"column":12}},"loc":{"start":{"line":36,"column":18},"end":{"line":36,"column":65}},"line":36},"2":{"name":"(anonymous_2)","decl":{"start":{"line":38,"column":13},"end":{"line":38,"column":14}},"loc":{"start":{"line":38,"column":24},"end":{"line":40,"column":1}},"line":38}},"branchMap":{},"s":{"0":3,"1":3,"2":3,"3":3,"4":3,"5":3,"6":3,"7":3,"8":3,"9":3,"10":3,"11":3,"12":3,"13":3,"14":0,"15":0,"16":3,"17":0,"18":3,"19":3,"20":3,"21":3,"22":3},"f":{"0":0,"1":0,"2":0},"b":{},"_coverageSchema":"1a1c01bbd47fc00a2c39e90264f33305004495a9","hash":"b1a2530776ea3f5546f573f467b55a517d388dad"}
,"C:\\Users\\Lenovo\\OneDrive\\Desktop\\K2 Basecamp\\epic 3 (application)\\stateful\\src\\controllers\\authController.js": {"path":"C:\\Users\\Lenovo\\OneDrive\\Desktop\\K2 Basecamp\\epic 3 (application)\\stateful\\src\\controllers\\authController.js","statementMap":{"0":{"start":{"line":1,"column":12},"end":{"line":1,"column":35}},"1":{"start":{"line":2,"column":15},"end":{"line":2,"column":34}},"2":{"start":{"line":3,"column":14},"end":{"line":3,"column":40}},"3":{"start":{"line":4,"column":21},"end":{"line":4,"column":54}},"4":{"start":{"line":6,"column":22},"end":{"line":8,"column":1}},"5":{"start":{"line":7,"column":4},"end":{"line":7,"column":89}},"6":{"start":{"line":11,"column":0},"end":{"line":23,"column":2}},"7":{"start":{"line":12,"column":32},"end":{"line":12,"column":40}},"8":{"start":{"line":13,"column":4},"end":{"line":22,"column":5}},"9":{"start":{"line":14,"column":22},"end":{"line":14,"column":52}},"10":{"start":{"line":15,"column":8},"end":{"line":17,"column":9}},"11":{"start":{"line":16,"column":12},"end":{"line":16,"column":76}},"12":{"start":{"line":18,"column":22},"end":{"line":18,"column":51}},"13":{"start":{"line":19,"column":8},"end":{"line":19,"column":28}},"14":{"start":{"line":21,"column":8},"end":{"line":21,"column":55}},"15":{"start":{"line":26,"column":0},"end":{"line":38,"column":2}},"16":{"start":{"line":27,"column":32},"end":{"line":27,"column":40}},"17":{"start":{"line":28,"column":4},"end":{"line":37,"column":5}},"18":{"start":{"line":29,"column":21},"end":{"line":29,"column":58}},"19":{"start":{"line":30,"column":8},"end":{"line":32,"column":9}},"20":{"start":{"line":31,"column":12},"end":{"line":31,"column":76}},"21":{"start":{"line":33,"column":22},"end":{"line":33,"column":57}},"22":{"start":{"line":34,"column":8},"end":{"line":34,"column":28}},"23":{"start":{"line":36,"column":8},"end":{"line":36,"column":55}}},"fnMap":{"0":{"name":"(anonymous_0)","decl":{"start":{"line":6,"column":22},"end":{"line":6,"column":23}},"loc":{"start":{"line":6,"column":38},"end":{"line":8,"column":1}},"line":6},"1":{"name":"(anonymous_1)","decl":{"start":{"line":11,"column":21},"end":{"line":11,"column":22}},"loc":{"start":{"line":11,"column":41},"end":{"line":23,"column":1}},"line":11},"2":{"name":"(anonymous_2)","decl":{"start":{"line":26,"column":28},"end":{"line":26,"column":29}},"loc":{"start":{"line":26,"column":48},"end":{"line":38,"column":1}},"line":26}},"branchMap":{"0":{"loc":{"start":{"line":15,"column":8},"end":{"line":17,"column":9}},"type":"if","locations":[{"start":{"line":15,"column":8},"end":{"line":17,"column":9}},{"start":{},"end":{}}],"line":15},"1":{"loc":{"start":{"line":15,"column":12},"end":{"line":15,"column":49}},"type":"binary-expr","locations":[{"start":{"line":15,"column":12},"end":{"line":15,"column":18}},{"start":{"line":15,"column":22},"end":{"line":15,"column":49}}],"line":15},"2":{"loc":{"start":{"line":30,"column":8},"end":{"line":32,"column":9}},"type":"if","locations":[{"start":{"line":30,"column":8},"end":{"line":32,"column":9}},{"start":{},"end":{}}],"line":30},"3":{"loc":{"start":{"line":30,"column":12},"end":{"line":30,"column":47}},"type":"binary-expr","locations":[{"start":{"line":30,"column":12},"end":{"line":30,"column":17}},{"start":{"line":30,"column":21},"end":{"line":30,"column":47}}],"line":30}},"s":{"0":3,"1":3,"2":3,"3":3,"4":3,"5":0,"6":3,"7":0,"8":0,"9":0,"10":0,"11":0,"12":0,"13":0,"14":0,"15":3,"16":0,"17":0,"18":0,"19":0,"20":0,"21":0,"22":0,"23":0},"f":{"0":0,"1":0,"2":0},"b":{"0":[0,0],"1":[0,0],"2":[0,0],"3":[0,0]},"_coverageSchema":"1a1c01bbd47fc00a2c39e90264f33305004495a9","hash":"651d8862d8e4f9d2c225c3bf83c00ae978750529"}
,"C:\\Users\\Lenovo\\OneDrive\\Desktop\\K2 Basecamp\\epic 3 (application)\\stateful\\src\\controllers\\claimController.js": {"path":"C:\\Users\\Lenovo\\OneDrive\\Desktop\\K2 Basecamp\\epic 3 (application)\\stateful\\src\\controllers\\claimController.js","statementMap":{"0":{"start":{"line":1,"column":14},"end":{"line":1,"column":40}},"1":{"start":{"line":2,"column":15},"end":{"line":2,"column":42}},"2":{"start":{"line":5,"column":0},"end":{"line":16,"column":2}},"3":{"start":{"line":6,"column":4},"end":{"line":15,"column":5}},"4":{"start":{"line":7,"column":8},"end":{"line":9,"column":9}},"5":{"start":{"line":8,"column":12},"end":{"line":8,"column":108}},"6":{"start":{"line":10,"column":22},"end":{"line":10,"column":101}},"7":{"start":{"line":11,"column":8},"end":{"line":11,"column":27}},"8":{"start":{"line":12,"column":8},"end":{"line":12,"column":85}},"9":{"start":{"line":14,"column":8},"end":{"line":14,"column":55}},"10":{"start":{"line":19,"column":0},"end":{"line":44,"column":2}},"11":{"start":{"line":20,"column":19},"end":{"line":20,"column":29}},"12":{"start":{"line":21,"column":44},"end":{"line":21,"column":52}},"13":{"start":{"line":23,"column":4},"end":{"line":43,"column":5}},"14":{"start":{"line":24,"column":22},"end":{"line":24,"column":46}},"15":{"start":{"line":25,"column":8},"end":{"line":25,"column":80}},"16":{"start":{"line":25,"column":20},"end":{"line":25,"column":80}},"17":{"start":{"line":28,"column":8},"end":{"line":30,"column":9}},"18":{"start":{"line":29,"column":12},"end":{"line":29,"column":101}},"19":{"start":{"line":33,"column":8},"end":{"line":33,"column":42}},"20":{"start":{"line":33,"column":20},"end":{"line":33,"column":42}},"21":{"start":{"line":34,"column":8},"end":{"line":36,"column":9}},"22":{"start":{"line":35,"column":12},"end":{"line":35,"column":60}},"23":{"start":{"line":37,"column":8},"end":{"line":37,"column":45}},"24":{"start":{"line":39,"column":8},"end":{"line":39,"column":27}},"25":{"start":{"line":40,"column":8},"end":{"line":40,"column":73}},"26":{"start":{"line":42,"column":8},"end":{"line":42,"column":55}},"27":{"start":{"line":48,"column":0},"end":{"line":60,"column":2}},"28":{"start":{"line":49,"column":4},"end":{"line":59,"column":5}},"29":{"start":{"line":51,"column":8},"end":{"line":53,"column":9}},"30":{"start":{"line":52,"column":12},"end":{"line":52,"column":103}},"31":{"start":{"line":55,"column":23},"end":{"line":55,"column":62}},"32":{"start":{"line":56,"column":8},"end":{"line":56,"column":25}},"33":{"start":{"line":58,"column":8},"end":{"line":58,"column":55}},"34":{"start":{"line":63,"column":0},"end":{"line":79,"column":2}},"35":{"start":{"line":64,"column":19},"end":{"line":64,"column":29}},"36":{"start":{"line":66,"column":4},"end":{"line":78,"column":5}},"37":{"start":{"line":67,"column":22},"end":{"line":67,"column":67}},"38":{"start":{"line":68,"column":8},"end":{"line":68,"column":80}},"39":{"start":{"line":68,"column":20},"end":{"line":68,"column":80}},"40":{"start":{"line":71,"column":8},"end":{"line":73,"column":9}},"41":{"start":{"line":72,"column":12},"end":{"line":72,"column":113}},"42":{"start":{"line":75,"column":8},"end":{"line":75,"column":24}},"43":{"start":{"line":77,"column":8},"end":{"line":77,"column":55}},"44":{"start":{"line":82,"column":0},"end":{"line":97,"column":2}},"45":{"start":{"line":83,"column":19},"end":{"line":83,"column":29}},"46":{"start":{"line":85,"column":4},"end":{"line":96,"column":5}},"47":{"start":{"line":87,"column":8},"end":{"line":89,"column":9}},"48":{"start":{"line":88,"column":12},"end":{"line":88,"column":101}},"49":{"start":{"line":91,"column":22},"end":{"line":91,"column":55}},"50":{"start":{"line":92,"column":8},"end":{"line":92,"column":80}},"51":{"start":{"line":92,"column":20},"end":{"line":92,"column":80}},"52":{"start":{"line":93,"column":8},"end":{"line":93,"column":60}},"53":{"start":{"line":95,"column":8},"end":{"line":95,"column":55}},"54":{"start":{"line":101,"column":0},"end":{"line":118,"column":4}},"55":{"start":{"line":102,"column":4},"end":{"line":116,"column":5}},"56":{"start":{"line":104,"column":29},"end":{"line":104,"column":40}},"57":{"start":{"line":106,"column":23},"end":{"line":106,"column":74}},"58":{"start":{"line":108,"column":24},"end":{"line":108,"column":58}},"59":{"start":{"line":108,"column":47},"end":{"line":108,"column":57}},"60":{"start":{"line":111,"column":20},"end":{"line":111,"column":70}},"61":{"start":{"line":113,"column":6},"end":{"line":113,"column":22}},"62":{"start":{"line":115,"column":6},"end":{"line":115,"column":78}},"63":{"start":{"line":141,"column":0},"end":{"line":151,"column":2}},"64":{"start":{"line":142,"column":2},"end":{"line":150,"column":3}},"65":{"start":{"line":143,"column":4},"end":{"line":145,"column":5}},"66":{"start":{"line":144,"column":6},"end":{"line":144,"column":64}},"67":{"start":{"line":146,"column":19},"end":{"line":146,"column":89}},"68":{"start":{"line":147,"column":4},"end":{"line":147,"column":21}},"69":{"start":{"line":149,"column":4},"end":{"line":149,"column":51}}},"fnMap":{"0":{"name":"(anonymous_0)","decl":{"start":{"line":5,"column":22},"end":{"line":5,"column":23}},"loc":{"start":{"line":5,"column":42},"end":{"line":16,"column":1}},"line":5},"1":{"name":"(anonymous_1)","decl":{"start":{"line":19,"column":22},"end":{"line":19,"column":23}},"loc":{"start":{"line":19,"column":42},"end":{"line":44,"column":1}},"line":19},"2":{"name":"(anonymous_2)","decl":{"start":{"line":48,"column":23},"end":{"line":48,"column":24}},"loc":{"start":{"line":48,"column":43},"end":{"line":60,"column":1}},"line":48},"3":{"name":"(anonymous_3)","decl":{"start":{"line":63,"column":23},"end":{"line":63,"column":24}},"loc":{"start":{"line":63,"column":43},"end":{"line":79,"column":1}},"line":63},"4":{"name":"(anonymous_4)","decl":{"start":{"line":82,"column":22},"end":{"line":82,"column":23}},"loc":{"start":{"line":82,"column":42},"end":{"line":97,"column":1}},"line":82},"5":{"name":"(anonymous_5)","decl":{"start":{"line":101,"column":34},"end":{"line":101,"column":35}},"loc":{"start":{"line":101,"column":54},"end":{"line":118,"column":3}},"line":101},"6":{"name":"(anonymous_6)","decl":{"start":{"line":108,"column":37},"end":{"line":108,"column":38}},"loc":{"start":{"line":108,"column":47},"end":{"line":108,"column":57}},"line":108},"7":{"name":"(anonymous_7)","decl":{"start":{"line":141,"column":22},"end":{"line":141,"column":23}},"loc":{"start":{"line":141,"column":42},"end":{"line":151,"column":1}},"line":141}},"branchMap":{"0":{"loc":{"start":{"line":7,"column":8},"end":{"line":9,"column":9}},"type":"if","locations":[{"start":{"line":7,"column":8},"end":{"line":9,"column":9}},{"start":{},"end":{}}],"line":7},"1":{"loc":{"start":{"line":25,"column":8},"end":{"line":25,"column":80}},"type":"if","locations":[{"start":{"line":25,"column":8},"end":{"line":25,"column":80}},{"start":{},"end":{}}],"line":25},"2":{"loc":{"start":{"line":28,"column":8},"end":{"line":30,"column":9}},"type":"if","locations":[{"start":{"line":28,"column":8},"end":{"line":30,"column":9}},{"start":{},"end":{}}],"line":28},"3":{"loc":{"start":{"line":33,"column":8},"end":{"line":33,"column":42}},"type":"if","locations":[{"start":{"line":33,"column":8},"end":{"line":33,"column":42}},{"start":{},"end":{}}],"line":33},"4":{"loc":{"start":{"line":34,"column":8},"end":{"line":36,"column":9}},"type":"if","locations":[{"start":{"line":34,"column":8},"end":{"line":36,"column":9}},{"start":{},"end":{}}],"line":34},"5":{"loc":{"start":{"line":51,"column":8},"end":{"line":53,"column":9}},"type":"if","locations":[{"start":{"line":51,"column":8},"end":{"line":53,"column":9}},{"start":{},"end":{}}],"line":51},"6":{"loc":{"start":{"line":68,"column":8},"end":{"line":68,"column":80}},"type":"if","locations":[{"start":{"line":68,"column":8},"end":{"line":68,"column":80}},{"start":{},"end":{}}],"line":68},"7":{"loc":{"start":{"line":71,"column":8},"end":{"line":73,"column":9}},"type":"if","locations":[{"start":{"line":71,"column":8},"end":{"line":73,"column":9}},{"start":{},"end":{}}],"line":71},"8":{"loc":{"start":{"line":71,"column":12},"end":{"line":71,"column":73}},"type":"binary-expr","locations":[{"start":{"line":71,"column":12},"end":{"line":71,"column":37}},{"start":{"line":71,"column":41},"end":{"line":71,"column":73}}],"line":71},"9":{"loc":{"start":{"line":87,"column":8},"end":{"line":89,"column":9}},"type":"if","locations":[{"start":{"line":87,"column":8},"end":{"line":89,"column":9}},{"start":{},"end":{}}],"line":87},"10":{"loc":{"start":{"line":92,"column":8},"end":{"line":92,"column":80}},"type":"if","locations":[{"start":{"line":92,"column":8},"end":{"line":92,"column":80}},{"start":{},"end":{}}],"line":92},"11":{"loc":{"start":{"line":143,"column":4},"end":{"line":145,"column":5}},"type":"if","locations":[{"start":{"line":143,"column":4},"end":{"line":145,"column":5}},{"start":{},"end":{}}],"line":143}},"s":{"0":3,"1":3,"2":3,"3":0,"4":0,"5":0,"6":0,"7":0,"8":0,"9":0,"10":3,"11":0,"12":0,"13":0,"14":0,"15":0,"16":0,"17":0,"18":0,"19":0,"20":0,"21":0,"22":0,"23":0,"24":0,"25":0,"26":0,"27":3,"28":0,"29":0,"30":0,"31":0,"32":0,"33":0,"34":3,"35":0,"36":0,"37":0,"38":0,"39":0,"40":0,"41":0,"42":0,"43":0,"44":3,"45":0,"46":0,"47":0,"48":0,"49":0,"50":0,"51":0,"52":0,"53":0,"54":3,"55":0,"56":0,"57":0,"58":0,"59":0,"60":0,"61":0,"62":0,"63":3,"64":0,"65":0,"66":0,"67":0,"68":0,"69":0},"f":{"0":0,"1":0,"2":0,"3":0,"4":0,"5":0,"6":0,"7":0},"b":{"0":[0,0],"1":[0,0],"2":[0,0],"3":[0,0],"4":[0,0],"5":[0,0],"6":[0,0],"7":[0,0],"8":[0,0],"9":[0,0],"10":[0,0],"11":[0,0]},"_coverageSchema":"1a1c01bbd47fc00a2c39e90264f33305004495a9","hash":"86f5b28e58a45051723baaff83e757242e650eef"}
,"C:\\Users\\Lenovo\\OneDrive\\Desktop\\K2 Basecamp\\epic 3 (application)\\stateful\\src\\controllers\\policyController.js": {"path":"C:\\Users\\Lenovo\\OneDrive\\Desktop\\K2 Basecamp\\epic 3 (application)\\stateful\\src\\controllers\\policyController.js","statementMap":{"0":{"start":{"line":1,"column":15},"end":{"line":1,"column":42}},"1":{"start":{"line":17,"column":0},"end":{"line":34,"column":2}},"2":{"start":{"line":18,"column":4},"end":{"line":33,"column":5}},"3":{"start":{"line":19,"column":8},"end":{"line":21,"column":9}},"4":{"start":{"line":20,"column":12},"end":{"line":20,"column":110}},"5":{"start":{"line":24,"column":31},"end":{"line":24,"column":42}},"6":{"start":{"line":27,"column":23},"end":{"line":27,"column":66}},"7":{"start":{"line":28,"column":8},"end":{"line":28,"column":28}},"8":{"start":{"line":30,"column":8},"end":{"line":30,"column":87}},"9":{"start":{"line":32,"column":8},"end":{"line":32,"column":80}},"10":{"start":{"line":36,"column":0},"end":{"line":48,"column":4}},"11":{"start":{"line":37,"column":4},"end":{"line":47,"column":5}},"12":{"start":{"line":39,"column":29},"end":{"line":39,"column":40}},"13":{"start":{"line":42,"column":23},"end":{"line":42,"column":60}},"14":{"start":{"line":44,"column":6},"end":{"line":44,"column":25}},"15":{"start":{"line":46,"column":6},"end":{"line":46,"column":78}},"16":{"start":{"line":51,"column":0},"end":{"line":58,"column":2}},"17":{"start":{"line":52,"column":4},"end":{"line":57,"column":5}},"18":{"start":{"line":53,"column":25},"end":{"line":53,"column":71}},"19":{"start":{"line":54,"column":8},"end":{"line":54,"column":27}},"20":{"start":{"line":56,"column":8},"end":{"line":56,"column":80}},"21":{"start":{"line":60,"column":0},"end":{"line":76,"column":2}},"22":{"start":{"line":61,"column":19},"end":{"line":61,"column":29}},"23":{"start":{"line":63,"column":4},"end":{"line":75,"column":5}},"24":{"start":{"line":64,"column":23},"end":{"line":64,"column":75}},"25":{"start":{"line":65,"column":8},"end":{"line":65,"column":82}},"26":{"start":{"line":65,"column":21},"end":{"line":65,"column":82}},"27":{"start":{"line":68,"column":8},"end":{"line":70,"column":9}},"28":{"start":{"line":69,"column":12},"end":{"line":69,"column":114}},"29":{"start":{"line":72,"column":8},"end":{"line":72,"column":25}},"30":{"start":{"line":74,"column":8},"end":{"line":74,"column":80}},"31":{"start":{"line":78,"column":0},"end":{"line":85,"column":2}},"32":{"start":{"line":79,"column":4},"end":{"line":84,"column":5}},"33":{"start":{"line":80,"column":23},"end":{"line":80,"column":93}},"34":{"start":{"line":81,"column":8},"end":{"line":81,"column":75}},"35":{"start":{"line":83,"column":8},"end":{"line":83,"column":80}},"36":{"start":{"line":87,"column":0},"end":{"line":94,"column":2}},"37":{"start":{"line":88,"column":4},"end":{"line":93,"column":5}},"38":{"start":{"line":89,"column":8},"end":{"line":89,"column":54}},"39":{"start":{"line":90,"column":8},"end":{"line":90,"column":61}},"40":{"start":{"line":92,"column":8},"end":{"line":92,"column":80}}},"fnMap":{"0":{"name":"(anonymous_0)","decl":{"start":{"line":17,"column":23},"end":{"line":17,"column":24}},"loc":{"start":{"line":17,"column":43},"end":{"line":34,"column":1}},"line":17},"1":{"name":"(anonymous_1)","decl":{"start":{"line":36,"column":36},"end":{"line":36,"column":37}},"loc":{"start":{"line":36,"column":56},"end":{"line":48,"column":3}},"line":36},"2":{"name":"(anonymous_2)","decl":{"start":{"line":51,"column":25},"end":{"line":51,"column":26}},"loc":{"start":{"line":51,"column":45},"end":{"line":58,"column":1}},"line":51},"3":{"name":"(anonymous_3)","decl":{"start":{"line":60,"column":24},"end":{"line":60,"column":25}},"loc":{"start":{"line":60,"column":44},"end":{"line":76,"column":1}},"line":60},"4":{"name":"(anonymous_4)","decl":{"start":{"line":78,"column":23},"end":{"line":78,"column":24}},"loc":{"start":{"line":78,"column":43},"end":{"line":85,"column":1}},"line":78},"5":{"name":"(anonymous_5)","decl":{"start":{"line":87,"column":23},"end":{"line":87,"column":24}},"loc":{"start":{"line":87,"column":43},"end":{"line":94,"column":1}},"line":87}},"branchMap":{"0":{"loc":{"start":{"line":19,"column":8},"end":{"line":21,"column":9}},"type":"if","locations":[{"start":{"line":19,"column":8},"end":{"line":21,"column":9}},{"start":{},"end":{}}],"line":19},"1":{"loc":{"start":{"line":65,"column":8},"end":{"line":65,"column":82}},"type":"if","locations":[{"start":{"line":65,"column":8},"end":{"line":65,"column":82}},{"start":{},"end":{}}],"line":65},"2":{"loc":{"start":{"line":68,"column":8},"end":{"line":70,"column":9}},"type":"if","locations":[{"start":{"line":68,"column":8},"end":{"line":70,"column":9}},{"start":{},"end":{}}],"line":68},"3":{"loc":{"start":{"line":68,"column":12},"end":{"line":68,"column":73}},"type":"binary-expr","locations":[{"start":{"line":68,"column":12},"end":{"line":68,"column":37}},{"start":{"line":68,"column":41},"end":{"line":68,"column":73}}],"line":68}},"s":{"0":3,"1":3,"2":0,"3":0,"4":0,"5":0,"6":0,"7":0,"8":0,"9":0,"10":3,"11":0,"12":0,"13":0,"14":0,"15":0,"16":3,"17":0,"18":0,"19":0,"20":0,"21":3,"22":0,"23":0,"24":0,"25":0,"26":0,"27":0,"28":0,"29":0,"30":0,"31":3,"32":0,"33":0,"34":0,"35":0,"36":3,"37":0,"38":0,"39":0,"40":0},"f":{"0":0,"1":0,"2":0,"3":0,"4":0,"5":0},"b":{"0":[0,0],"1":[0,0],"2":[0,0],"3":[0,0]},"_coverageSchema":"1a1c01bbd47fc00a2c39e90264f33305004495a9","hash":"70aa76ee9a286876762865131398d7347e8c8612"}
,"C:\\Users\\Lenovo\\OneDrive\\Desktop\\K2 Basecamp\\epic 3 (application)\\stateful\\src\\controllers\\policyholderController.js": {"path":"C:\\Users\\Lenovo\\OneDrive\\Desktop\\K2 Basecamp\\epic 3 (application)\\stateful\\src\\controllers\\policyholderController.js","statementMap":{"0":{"start":{"line":1,"column":21},"end":{"line":1,"column":54}},"1":{"start":{"line":3,"column":0},"end":{"line":11,"column":2}},"2":{"start":{"line":4,"column":4},"end":{"line":10,"column":5}},"3":{"start":{"line":5,"column":29},"end":{"line":5,"column":55}},"4":{"start":{"line":6,"column":8},"end":{"line":6,"column":34}},"5":{"start":{"line":7,"column":8},"end":{"line":7,"column":99}},"6":{"start":{"line":9,"column":8},"end":{"line":9,"column":80}},"7":{"start":{"line":13,"column":0},"end":{"line":20,"column":2}},"8":{"start":{"line":14,"column":4},"end":{"line":19,"column":5}},"9":{"start":{"line":15,"column":30},"end":{"line":15,"column":55}},"10":{"start":{"line":16,"column":8},"end":{"line":16,"column":32}},"11":{"start":{"line":18,"column":8},"end":{"line":18,"column":80}},"12":{"start":{"line":22,"column":0},"end":{"line":29,"column":2}},"13":{"start":{"line":23,"column":4},"end":{"line":28,"column":5}},"14":{"start":{"line":24,"column":29},"end":{"line":24,"column":105}},"15":{"start":{"line":25,"column":8},"end":{"line":25,"column":87}},"16":{"start":{"line":27,"column":8},"end":{"line":27,"column":80}},"17":{"start":{"line":31,"column":0},"end":{"line":38,"column":2}},"18":{"start":{"line":32,"column":4},"end":{"line":37,"column":5}},"19":{"start":{"line":33,"column":8},"end":{"line":33,"column":60}},"20":{"start":{"line":34,"column":8},"end":{"line":34,"column":67}},"21":{"start":{"line":36,"column":8},"end":{"line":36,"column":80}}},"fnMap":{"0":{"name":"(anonymous_0)","decl":{"start":{"line":3,"column":29},"end":{"line":3,"column":30}},"loc":{"start":{"line":3,"column":49},"end":{"line":11,"column":1}},"line":3},"1":{"name":"(anonymous_1)","decl":{"start":{"line":13,"column":30},"end":{"line":13,"column":31}},"loc":{"start":{"line":13,"column":50},"end":{"line":20,"column":1}},"line":13},"2":{"name":"(anonymous_2)","decl":{"start":{"line":22,"column":29},"end":{"line":22,"column":30}},"loc":{"start":{"line":22,"column":49},"end":{"line":29,"column":1}},"line":22},"3":{"name":"(anonymous_3)","decl":{"start":{"line":31,"column":29},"end":{"line":31,"column":30}},"loc":{"start":{"line":31,"column":49},"end":{"line":38,"column":1}},"line":31}},"branchMap":{},"s":{"0":3,"1":3,"2":0,"3":0,"4":0,"5":0,"6":0,"7":3,"8":0,"9":0,"10":0,"11":0,"12":3,"13":0,"14":0,"15":0,"16":0,"17":3,"18":0,"19":0,"20":0,"21":0},"f":{"0":0,"1":0,"2":0,"3":0},"b":{},"_coverageSchema":"1a1c01bbd47fc00a2c39e90264f33305004495a9","hash":"bda4a38495365a1bf238a7b82243c26c57a337bc"}
,"C:\\Users\\Lenovo\\OneDrive\\Desktop\\K2 Basecamp\\epic 3 (application)\\stateful\\src\\middleware\\authMiddleware.js": {"path":"C:\\Users\\Lenovo\\OneDrive\\Desktop\\K2 Basecamp\\epic 3 (application)\\stateful\\src\\middleware\\authMiddleware.js","statementMap":{"0":{"start":{"line":1,"column":12},"end":{"line":1,"column":35}},"1":{"start":{"line":5,"column":25},"end":{"line":5,"column":62}},"2":{"start":{"line":62,"column":25},"end":{"line":89,"column":1}},"3":{"start":{"line":63,"column":23},"end":{"line":63,"column":48}},"4":{"start":{"line":66,"column":4},"end":{"line":68,"column":5}},"5":{"start":{"line":67,"column":8},"end":{"line":67,"column":70}},"6":{"start":{"line":71,"column":18},"end":{"line":71,"column":42}},"7":{"start":{"line":72,"column":4},"end":{"line":72,"column":43}},"8":{"start":{"line":74,"column":4},"end":{"line":88,"column":5}},"9":{"start":{"line":76,"column":30},"end":{"line":76,"column":71}},"10":{"start":{"line":77,"column":8},"end":{"line":79,"column":9}},"11":{"start":{"line":78,"column":12},"end":{"line":78,"column":96}},"12":{"start":{"line":82,"column":24},"end":{"line":82,"column":65}},"13":{"start":{"line":83,"column":8},"end":{"line":83,"column":27}},"14":{"start":{"line":84,"column":8},"end":{"line":84,"column":46}},"15":{"start":{"line":85,"column":8},"end":{"line":85,"column":15}},"16":{"start":{"line":87,"column":8},"end":{"line":87,"column":66}},"17":{"start":{"line":91,"column":26},"end":{"line":98,"column":1}},"18":{"start":{"line":92,"column":4},"end":{"line":97,"column":7}},"19":{"start":{"line":93,"column":8},"end":{"line":95,"column":9}},"20":{"start":{"line":94,"column":12},"end":{"line":94,"column":78}},"21":{"start":{"line":96,"column":8},"end":{"line":96,"column":15}},"22":{"start":{"line":100,"column":0},"end":{"line":100,"column":57}}},"fnMap":{"0":{"name":"(anonymous_0)","decl":{"start":{"line":62,"column":25},"end":{"line":62,"column":26}},"loc":{"start":{"line":62,"column":51},"end":{"line":89,"column":1}},"line":62},"1":{"name":"(anonymous_1)","decl":{"start":{"line":91,"column":26},"end":{"line":91,"column":27}},"loc":{"start":{"line":91,"column":46},"end":{"line":98,"column":1}},"line":91},"2":{"name":"(anonymous_2)","decl":{"start":{"line":92,"column":31},"end":{"line":92,"column":32}},"loc":{"start":{"line":92,"column":37},"end":{"line":97,"column":5}},"line":92}},"branchMap":{"0":{"loc":{"start":{"line":66,"column":4},"end":{"line":68,"column":5}},"type":"if","locations":[{"start":{"line":66,"column":4},"end":{"line":68,"column":5}},{"start":{},"end":{}}],"line":66},"1":{"loc":{"start":{"line":66,"column":8},"end":{"line":66,"column":56}},"type":"binary-expr","locations":[{"start":{"line":66,"column":8},"end":{"line":66,"column":19}},{"start":{"line":66,"column":23},"end":{"line":66,"column":56}}],"line":66},"2":{"loc":{"start":{"line":77,"column":8},"end":{"line":79,"column":9}},"type":"if","locations":[{"start":{"line":77,"column":8},"end":{"line":79,"column":9}},{"start":{},"end":{}}],"line":77},"3":{"loc":{"start":{"line":93,"column":8},"end":{"line":95,"column":9}},"type":"if","locations":[{"start":{"line":93,"column":8},"end":{"line":95,"column":9}},{"start":{},"end":{}}],"line":93}},"s":{"0":3,"1":3,"2":3,"3":0,"4":0,"5":0,"6":0,"7":0,"8":0,"9":0,"10":0,"11":0,"12":0,"13":0,"14":0,"15":0,"16":0,"17":3,"18":0,"19":0,"20":0,"21":0,"22":3},"f":{"0":0,"1":0,"2":0},"b":{"0":[0,0],"1":[0,0],"2":[0,0],"3":[0,0]},"_coverageSchema":"1a1c01bbd47fc00a2c39e90264f33305004495a9","hash":"65f7c328bb6b7aa28aa66dffe05826921b0ff45f"}
,"C:\\Users\\Lenovo\\OneDrive\\Desktop\\K2 Basecamp\\epic 3 (application)\\stateful\\src\\models\\admin.js": {"path":"C:\\Users\\Lenovo\\OneDrive\\Desktop\\K2 Basecamp\\epic 3 (application)\\stateful\\src\\models\\admin.js","statementMap":{"0":{"start":{"line":1,"column":17},"end":{"line":1,"column":36}},"1":{"start":{"line":3,"column":20},"end":{"line":7,"column":2}},"2":{"start":{"line":9,"column":0},"end":{"line":9,"column":54}}},"fnMap":{},"branchMap":{},"s":{"0":3,"1":3,"2":3},"f":{},"b":{},"_coverageSchema":"1a1c01bbd47fc00a2c39e90264f33305004495a9","hash":"ca1702f8c0b63973225a6ab7752ab80ea092a1cc"}
,"C:\\Users\\Lenovo\\OneDrive\\Desktop\\K2 Basecamp\\epic 3 (application)\\stateful\\src\\models\\blacklistedToken.js": {"path":"C:\\Users\\Lenovo\\OneDrive\\Desktop\\K2 Basecamp\\epic 3 (application)\\stateful\\src\\models\\blacklistedToken.js","statementMap":{"0":{"start":{"line":2,"column":17},"end":{"line":2,"column":36}},"1":{"start":{"line":4,"column":31},"end":{"line":7,"column":2}},"2":{"start":{"line":10,"column":0},"end":{"line":10,"column":74}},"3":{"start":{"line":12,"column":0},"end":{"line":12,"column":76}}},"fnMap":{},"branchMap":{},"s":{"0":3,"1":3,"2":3,"3":3},"f":{},"b":{},"_coverageSchema":"1a1c01bbd47fc00a2c39e90264f33305004495a9","hash":"95dfdcb861cf607763d037ebd71b9e85233216d5"}
,"C:\\Users\\Lenovo\\OneDrive\\Desktop\\K2 Basecamp\\epic 3 (application)\\stateful\\src\\models\\claim.js": {"path":"C:\\Users\\Lenovo\\OneDrive\\Desktop\\K2 Basecamp\\epic 3 (application)\\stateful\\src\\models\\claim.js","statementMap":{"0":{"start":{"line":1,"column":17},"end":{"line":1,"column":36}},"1":{"start":{"line":4,"column":20},"end":{"line":11,"column":24}},"2":{"start":{"line":12,"column":0},"end":{"line":12,"column":54}}},"fnMap":{},"branchMap":{},"s":{"0":3,"1":3,"2":3},"f":{},"b":{},"_coverageSchema":"1a1c01bbd47fc00a2c39e90264f33305004495a9","hash":"8ec293c2ef7adffaea7d5af1440cf742e66fbf37"}
,"C:\\Users\\Lenovo\\OneDrive\\Desktop\\K2 Basecamp\\epic 3 (application)\\stateful\\src\\models\\policy.js": {"path":"C:\\Users\\Lenovo\\OneDrive\\Desktop\\K2 Basecamp\\epic 3 (application)\\stateful\\src\\models\\policy.js","statementMap":{"0":{"start":{"line":1,"column":17},"end":{"line":1,"column":36}},"1":{"start":{"line":3,"column":21},"end":{"line":8,"column":24}},"2":{"start":{"line":10,"column":0},"end":{"line":10,"column":56}}},"fnMap":{},"branchMap":{},"s":{"0":3,"1":3,"2":3},"f":{},"b":{},"_coverageSchema":"1a1c01bbd47fc00a2c39e90264f33305004495a9","hash":"9e70d7ede602286e0b75a722fbbd0d9676b160a7"}
,"C:\\Users\\Lenovo\\OneDrive\\Desktop\\K2 Basecamp\\epic 3 (application)\\stateful\\src\\models\\policyholder.js": {"path":"C:\\Users\\Lenovo\\OneDrive\\Desktop\\K2 Basecamp\\epic 3 (application)\\stateful\\src\\models\\policyholder.js","statementMap":{"0":{"start":{"line":1,"column":17},"end":{"line":1,"column":36}},"1":{"start":{"line":3,"column":27},"end":{"line":8,"column":2}},"2":{"start":{"line":10,"column":0},"end":{"line":10,"column":68}}},"fnMap":{},"branchMap":{},"s":{"0":3,"1":3,"2":3},"f":{},"b":{},"_coverageSchema":"1a1c01bbd47fc00a2c39e90264f33305004495a9","hash":"34cb72ea7c658d6df90608b46dae39bc9be2dec3"}
,"C:\\Users\\Lenovo\\OneDrive\\Desktop\\K2 Basecamp\\epic 3 (application)\\stateful\\src\\routes\\authRoutes.js": {"path":"C:\\Users\\Lenovo\\OneDrive\\Desktop\\K2 Basecamp\\epic 3 (application)\\stateful\\src\\routes\\authRoutes.js","statementMap":{"0":{"start":{"line":41,"column":16},"end":{"line":41,"column":34}},"1":{"start":{"line":42,"column":12},"end":{"line":42,"column":35}},"2":{"start":{"line":43,"column":15},"end":{"line":43,"column":31}},"3":{"start":{"line":44,"column":25},"end":{"line":44,"column":62}},"4":{"start":{"line":45,"column":42},"end":{"line":45,"column":82}},"5":{"start":{"line":48,"column":0},"end":{"line":48,"column":40}},"6":{"start":{"line":49,"column":0},"end":{"line":49,"column":54}},"7":{"start":{"line":52,"column":0},"end":{"line":77,"column":3}},"8":{"start":{"line":53,"column":4},"end":{"line":76,"column":5}},"9":{"start":{"line":54,"column":27},"end":{"line":54,"column":52}},"10":{"start":{"line":56,"column":8},"end":{"line":58,"column":9}},"11":{"start":{"line":57,"column":12},"end":{"line":57,"column":75}},"12":{"start":{"line":60,"column":22},"end":{"line":60,"column":46}},"13":{"start":{"line":63,"column":24},"end":{"line":63,"column":41}},"14":{"start":{"line":64,"column":8},"end":{"line":66,"column":9}},"15":{"start":{"line":65,"column":12},"end":{"line":65,"column":70}},"16":{"start":{"line":68,"column":26},"end":{"line":68,"column":54}},"17":{"start":{"line":71,"column":8},"end":{"line":71,"column":60}},"18":{"start":{"line":73,"column":8},"end":{"line":73,"column":57}},"19":{"start":{"line":75,"column":8},"end":{"line":75,"column":80}},"20":{"start":{"line":79,"column":0},"end":{"line":79,"column":24}}},"fnMap":{"0":{"name":"(anonymous_0)","decl":{"start":{"line":52,"column":23},"end":{"line":52,"column":24}},"loc":{"start":{"line":52,"column":43},"end":{"line":77,"column":1}},"line":52}},"branchMap":{"0":{"loc":{"start":{"line":56,"column":8},"end":{"line":58,"column":9}},"type":"if","locations":[{"start":{"line":56,"column":8},"end":{"line":58,"column":9}},{"start":{},"end":{}}],"line":56},"1":{"loc":{"start":{"line":56,"column":12},"end":{"line":56,"column":60}},"type":"binary-expr","locations":[{"start":{"line":56,"column":12},"end":{"line":56,"column":23}},{"start":{"line":56,"column":27},"end":{"line":56,"column":60}}],"line":56},"2":{"loc":{"start":{"line":64,"column":8},"end":{"line":66,"column":9}},"type":"if","locations":[{"start":{"line":64,"column":8},"end":{"line":66,"column":9}},{"start":{},"end":{}}],"line":64},"3":{"loc":{"start":{"line":64,"column":12},"end":{"line":64,"column":36}},"type":"binary-expr","locations":[{"start":{"line":64,"column":12},"end":{"line":64,"column":20}},{"start":{"line":64,"column":24},"end":{"line":64,"column":36}}],"line":64}},"s":{"0":3,"1":3,"2":3,"3":3,"4":3,"5":3,"6":3,"7":3,"8":0,"9":0,"10":0,"11":0,"12":0,"13":0,"14":0,"15":0,"16":0,"17":0,"18":0,"19":0,"20":3},"f":{"0":0},"b":{"0":[0,0],"1":[0,0],"2":[0,0],"3":[0,0]},"_coverageSchema":"1a1c01bbd47fc00a2c39e90264f33305004495a9","hash":"177302c153c62ea7467e5a65efc0c7e0a400a48f"}
,"C:\\Users\\Lenovo\\OneDrive\\Desktop\\K2 Basecamp\\epic 3 (application)\\stateful\\src\\routes\\claimRoutes.js": {"path":"C:\\Users\\Lenovo\\OneDrive\\Desktop\\K2 Basecamp\\epic 3 (application)\\stateful\\src\\routes\\claimRoutes.js","statementMap":{"0":{"start":{"line":1,"column":16},"end":{"line":1,"column":34}},"1":{"start":{"line":2,"column":115},"end":{"line":2,"column":156}},"2":{"start":{"line":3,"column":48},"end":{"line":3,"column":87}},"3":{"start":{"line":5,"column":15},"end":{"line":5,"column":31}},"4":{"start":{"line":7,"column":0},"end":{"line":7,"column":67}},"5":{"start":{"line":10,"column":0},"end":{"line":10,"column":56}},"6":{"start":{"line":13,"column":0},"end":{"line":13,"column":48}},"7":{"start":{"line":16,"column":0},"end":{"line":16,"column":51}},"8":{"start":{"line":19,"column":0},"end":{"line":19,"column":49}},"9":{"start":{"line":22,"column":0},"end":{"line":22,"column":53}},"10":{"start":{"line":25,"column":0},"end":{"line":25,"column":54}},"11":{"start":{"line":27,"column":0},"end":{"line":27,"column":24}}},"fnMap":{},"branchMap":{},"s":{"0":3,"1":3,"2":3,"3":3,"4":3,"5":3,"6":3,"7":3,"8":3,"9":3,"10":3,"11":3},"f":{},"b":{},"_coverageSchema":"1a1c01bbd47fc00a2c39e90264f33305004495a9","hash":"38a1762f945aadb6fc4aa69dbeb54d24d2fa60b3"}
,"C:\\Users\\Lenovo\\OneDrive\\Desktop\\K2 Basecamp\\epic 3 (application)\\stateful\\src\\routes\\policyRoutes.js": {"path":"C:\\Users\\Lenovo\\OneDrive\\Desktop\\K2 Basecamp\\epic 3 (application)\\stateful\\src\\routes\\policyRoutes.js","statementMap":{"0":{"start":{"line":25,"column":16},"end":{"line":25,"column":34}},"1":{"start":{"line":26,"column":15},"end":{"line":26,"column":31}},"2":{"start":{"line":27,"column":29},"end":{"line":27,"column":68}},"3":{"start":{"line":35,"column":4},"end":{"line":35,"column":46}},"4":{"start":{"line":38,"column":0},"end":{"line":38,"column":49}},"5":{"start":{"line":41,"column":0},"end":{"line":41,"column":72}},"6":{"start":{"line":44,"column":0},"end":{"line":44,"column":32}},"7":{"start":{"line":47,"column":0},"end":{"line":47,"column":52}},"8":{"start":{"line":50,"column":0},"end":{"line":50,"column":51}},"9":{"start":{"line":53,"column":0},"end":{"line":53,"column":54}},"10":{"start":{"line":55,"column":0},"end":{"line":55,"column":24}}},"fnMap":{},"branchMap":{},"s":{"0":3,"1":3,"2":3,"3":3,"4":3,"5":3,"6":3,"7":3,"8":3,"9":3,"10":3},"f":{},"b":{},"_coverageSchema":"1a1c01bbd47fc00a2c39e90264f33305004495a9","hash":"74242335675977e2e5c7436c13b7a49dd707611f"}
,"C:\\Users\\Lenovo\\OneDrive\\Desktop\\K2 Basecamp\\epic 3 (application)\\stateful\\src\\routes\\policyholderRoutes.js": {"path":"C:\\Users\\Lenovo\\OneDrive\\Desktop\\K2 Basecamp\\epic 3 (application)\\stateful\\src\\routes\\policyholderRoutes.js","statementMap":{"0":{"start":{"line":1,"column":16},"end":{"line":1,"column":34}},"1":{"start":{"line":2,"column":15},"end":{"line":2,"column":31}},"2":{"start":{"line":3,"column":92},"end":{"line":3,"column":140}},"3":{"start":{"line":5,"column":0},"end":{"line":5,"column":37}},"4":{"start":{"line":6,"column":0},"end":{"line":6,"column":37}},"5":{"start":{"line":7,"column":0},"end":{"line":7,"column":39}},"6":{"start":{"line":8,"column":0},"end":{"line":8,"column":42}},"7":{"start":{"line":10,"column":0},"end":{"line":10,"column":24}}},"fnMap":{},"branchMap":{},"s":{"0":3,"1":3,"2":3,"3":3,"4":3,"5":3,"6":3,"7":3},"f":{},"b":{},"_coverageSchema":"1a1c01bbd47fc00a2c39e90264f33305004495a9","hash":"59b4bd6d91eaf389a420cef5a59cf27531b417bf"}
}
